<?xml version="1.0" encoding="UTF-8"?>
<!-- Generated by org.testng.reporters.JUnitXMLReporter -->
<testsuite ignored="0" hostname="LAPTOP-BOEES433" failures="0" tests="3" name="Default test" time="17.487" errors="0" timestamp="2024-03-15T11:26:28 IST">
  <testcase classname="basicTestNG.test1" name="flipkart" time="8.073"/>
  <testcase classname="basicTestNG.test1" name="amazon" time="5.581"/>
  <testcase classname="basicTestNG.test1" name="amazon" time="3.803"/>
</testsuite> <!-- Default test -->
