<?xml version="1.0" encoding="UTF-8"?>
<testng-results ignored="0" total="3" passed="3" failed="0" skipped="0">
  <reporter-output>
  </reporter-output>
  <suite started-at="2024-03-15T11:26:10 IST" name="Default suite" finished-at="2024-03-15T11:26:28 IST" duration-ms="17487">
    <groups>
    </groups>
    <test started-at="2024-03-15T11:26:10 IST" name="Default test" finished-at="2024-03-15T11:26:28 IST" duration-ms="17487">
      <class name="basicTestNG.test1">
        <test-method signature="flipkart()[pri:0, instance:basicTestNG.test1@2e222612]" started-at="2024-03-15T11:26:10 IST" name="flipkart" finished-at="2024-03-15T11:26:18 IST" duration-ms="8073" status="PASS">
          <reporter-output>
          </reporter-output>
        </test-method> <!-- flipkart -->
        <test-method signature="amazon()[pri:1, instance:basicTestNG.test1@2e222612]" started-at="2024-03-15T11:26:18 IST" name="amazon" finished-at="2024-03-15T11:26:24 IST" duration-ms="5581" status="PASS">
          <reporter-output>
          </reporter-output>
        </test-method> <!-- amazon -->
        <test-method signature="amazon()[pri:1, instance:basicTestNG.test1@2e222612]" started-at="2024-03-15T11:26:24 IST" name="amazon" finished-at="2024-03-15T11:26:28 IST" duration-ms="3803" status="PASS">
          <reporter-output>
          </reporter-output>
        </test-method> <!-- amazon -->
      </class> <!-- basicTestNG.test1 -->
    </test> <!-- Default test -->
  </suite> <!-- Default suite -->
</testng-results>
